
                           Design Compiler Graphical 
                                 DC Ultra (TM)
                                  DFTMAX (TM)
                              Power Compiler (TM)
                                 DesignWare (R)
                                 DC Expert (TM)
                               Design Vision (TM)
                               HDL Compiler (TM)
                               VHDL Compiler (TM)
                                  DFT Compiler
                               Design Compiler(R)

              Version L-2016.03-SP4-1 for linux64 - Sep 10, 2016 

                    Copyright (c) 1988 - 2016 Synopsys, Inc.
   This software and the associated documentation are proprietary to Synopsys,
 Inc. This software may only be used in accordance with the terms and conditions
 of a written license agreement with Synopsys, Inc. All other use, reproduction,
            or distribution of this software is strictly prohibited.
Initializing...
echo "********** CS552 Reading files begin ********************"
********** CS552 Reading files begin ********************
set my_verilog_files [list alu.v carry4Bit.v cla16Bit.v cla4Bit.v controlBlock.v dff.v faGP.v incr2.v memory2c.syn.v proc.v register.v rf_bypass.v rf.v shift1Bit.v shift2Bit.v shift4Bit.v shift8bit.v shifter.v fetchStage.v decodeStage.v executeStage.v memoryStage.v  ]
alu.v carry4Bit.v cla16Bit.v cla4Bit.v controlBlock.v dff.v faGP.v incr2.v memory2c.syn.v proc.v register.v rf_bypass.v rf.v shift1Bit.v shift2Bit.v shift4Bit.v shift8bit.v shifter.v fetchStage.v decodeStage.v executeStage.v memoryStage.v
set my_toplevel proc
proc
define_design_lib WORK -path ./WORK
1
analyze -f verilog $my_verilog_files
Running PRESTO HDLC
Compiling source file ./alu.v
Compiling source file ./carry4Bit.v
Compiling source file ./cla16Bit.v
Compiling source file ./cla4Bit.v
Compiling source file ./controlBlock.v
Compiling source file ./dff.v
Warning:  ./dff.v:15: delays for continuous assignment are ignored. (VER-173)
Compiling source file ./faGP.v
Compiling source file ./incr2.v
Compiling source file ./memory2c.syn.v
Compiling source file ./proc.v
Warning:  ./memory2c.syn.v:71: The statements in initial blocks are ignored. (VER-281)
Warning:  ./proc.v:34: Recommend parentheses when a reduction-or follows bitwise-or. (VER-225)
Warning:  ./proc.v:40: the undeclared symbol 'jumpOut' assumed to have the default net type, which is 'wire'. (VER-936)
Compiling source file ./register.v
Compiling source file ./rf_bypass.v
Compiling source file ./rf.v
Compiling source file ./shift1Bit.v
Compiling source file ./shift2Bit.v
Compiling source file ./shift4Bit.v
Compiling source file ./shift8bit.v
Compiling source file ./shifter.v
Compiling source file ./fetchStage.v
Compiling source file ./decodeStage.v
Compiling source file ./executeStage.v
Compiling source file ./memoryStage.v
Presto compilation completed successfully.
Loading db file '/u/k/a/karu/courses/cs552/cad/Synopsys_Libraries/libs/gscl45nm.db'
1
elaborate $my_toplevel -architecture verilog
Loading db file '/s/synopsys-2016_09_23/@sys/L-2016.03-SP4-1/libraries/syn/gtech.db'
Loading db file '/s/synopsys-2016_09_23/@sys/L-2016.03-SP4-1/libraries/syn/standard.sldb'
  Loading link library 'gscl45nm'
  Loading link library 'gtech'
Running PRESTO HDLC

Statistics for case statements in always block at line 90 in file
	'./proc.v'
===============================================
|           Line           |  full/ parallel  |
===============================================
|            92            |    auto/auto     |
===============================================

Statistics for case statements in always block at line 100 in file
	'./proc.v'
===============================================
|           Line           |  full/ parallel  |
===============================================
|           102            |    auto/auto     |
===============================================

Inferred memory devices in process
	in routine proc line 90 in file
		'./proc.v'.
===========================================================================
|    Register Name    | Type  | Width | Bus | MB | AR | AS | SR | SS | ST |
===========================================================================
|    regAData_reg     | Latch |  16   |  Y  | N  | N  | N  | -  | -  | -  |
===========================================================================

Inferred memory devices in process
	in routine proc line 100 in file
		'./proc.v'.
===========================================================================
|    Register Name    | Type  | Width | Bus | MB | AR | AS | SR | SS | ST |
===========================================================================
|    regBData_reg     | Latch |  16   |  Y  | N  | N  | N  | -  | -  | -  |
===========================================================================
Presto compilation completed successfully.
Elaborated 1 design.
Current design is now 'proc'.
Information: Building the design 'fetchStage'. (HDL-193)
Presto compilation completed successfully.
Information: Building the design 'decodeStage'. (HDL-193)
Warning:  ./decodeStage.v:63: DEFAULT branch of CASE statement cannot be reached. (ELAB-311)

Statistics for case statements in always block at line 61 in file
	'./decodeStage.v'
===============================================
|           Line           |  full/ parallel  |
===============================================
|            63            |    auto/auto     |
===============================================
Presto compilation completed successfully.
Information: Building the design 'executeStage'. (HDL-193)
Warning:  ./executeStage.v:95: DEFAULT branch of CASE statement cannot be reached. (ELAB-311)

Statistics for case statements in always block at line 78 in file
	'./executeStage.v'
===============================================
|           Line           |  full/ parallel  |
===============================================
|            81            |    auto/auto     |
===============================================

Statistics for case statements in always block at line 93 in file
	'./executeStage.v'
===============================================
|           Line           |  full/ parallel  |
===============================================
|            95            |    auto/auto     |
===============================================

Statistics for case statements in always block at line 106 in file
	'./executeStage.v'
===============================================
|           Line           |  full/ parallel  |
===============================================
|           109            |    auto/auto     |
===============================================
Presto compilation completed successfully.
Information: Building the design 'memoryStage'. (HDL-193)

Statistics for case statements in always block at line 28 in file
	'./memoryStage.v'
===============================================
|           Line           |  full/ parallel  |
===============================================
|            31            |    auto/auto     |
===============================================
Presto compilation completed successfully.
Information: Building the design 'register'. (HDL-193)
Presto compilation completed successfully.
Information: Building the design 'memory2c'. (HDL-193)

Inferred memory devices in process
	in routine memory2c line 71 in file
		'./memory2c.syn.v'.
===============================================================================
|    Register Name    |   Type    | Width | Bus | MB | AR | AS | SR | SS | ST |
===============================================================================
|       mem_reg       | Flip-flop |  512  |  Y  | N  | N  | N  | N  | N  | N  |
===============================================================================
Statistics for MUX_OPs
======================================================
| block name/line  | Inputs | Outputs | # sel inputs |
======================================================
|   memory2c/60    |   64   |    8    |      6       |
|   memory2c/60    |   64   |    8    |      6       |
======================================================
Presto compilation completed successfully.
Information: Building the design 'incr2'. (HDL-193)
Presto compilation completed successfully.
Information: Building the design 'dff'. (HDL-193)

Inferred memory devices in process
	in routine dff line 17 in file
		'./dff.v'.
===============================================================================
|    Register Name    |   Type    | Width | Bus | MB | AR | AS | SR | SS | ST |
===============================================================================
|      state_reg      | Flip-flop |   1   |  N  | N  | N  | N  | N  | N  | N  |
===============================================================================
Presto compilation completed successfully.
Information: Building the design 'controlBlock'. (HDL-193)

Statistics for case statements in always block at line 85 in file
	'./controlBlock.v'
===============================================
|           Line           |  full/ parallel  |
===============================================
|           107            |    auto/auto     |
===============================================
Presto compilation completed successfully.
Information: Building the design 'rf_bypass'. (HDL-193)
Presto compilation completed successfully.
Information: Building the design 'cla16Bit'. (HDL-193)
Presto compilation completed successfully.
Information: Building the design 'alu'. (HDL-193)
Warning:  ./alu.v:49: DEFAULT branch of CASE statement cannot be reached. (ELAB-311)

Statistics for case statements in always block at line 48 in file
	'./alu.v'
===============================================
|           Line           |  full/ parallel  |
===============================================
|            49            |    auto/auto     |
===============================================
Presto compilation completed successfully.
Information: Building the design 'rf'. (HDL-193)
Warning:  ./rf.v:30: DEFAULT branch of CASE statement cannot be reached. (ELAB-311)

Statistics for case statements in always block at line 28 in file
	'./rf.v'
===============================================
|           Line           |  full/ parallel  |
===============================================
|            30            |    auto/auto     |
===============================================
Statistics for MUX_OPs
======================================================
| block name/line  | Inputs | Outputs | # sel inputs |
======================================================
|      rf/53       |   8    |   16    |      3       |
|      rf/54       |   8    |   16    |      3       |
======================================================
Presto compilation completed successfully.
Information: Building the design 'cla4Bit'. (HDL-193)
Presto compilation completed successfully.
Information: Building the design 'shifter'. (HDL-193)
Presto compilation completed successfully.
Information: Building the design 'faGP'. (HDL-193)
Presto compilation completed successfully.
Information: Building the design 'carry4Bit'. (HDL-193)
Presto compilation completed successfully.
Information: Building the design 'shift1Bit'. (HDL-193)
Warning:  ./shift1Bit.v:36: DEFAULT branch of CASE statement cannot be reached. (ELAB-311)

Statistics for case statements in always block at line 35 in file
	'./shift1Bit.v'
===============================================
|           Line           |  full/ parallel  |
===============================================
|            36            |    auto/auto     |
===============================================
Presto compilation completed successfully.
Information: Building the design 'shift2Bit'. (HDL-193)
Warning:  ./shift2Bit.v:37: DEFAULT branch of CASE statement cannot be reached. (ELAB-311)

Statistics for case statements in always block at line 36 in file
	'./shift2Bit.v'
===============================================
|           Line           |  full/ parallel  |
===============================================
|            37            |    auto/auto     |
===============================================
Presto compilation completed successfully.
Information: Building the design 'shift4Bit'. (HDL-193)
Warning:  ./shift4Bit.v:42: DEFAULT branch of CASE statement cannot be reached. (ELAB-311)

Statistics for case statements in always block at line 41 in file
	'./shift4Bit.v'
===============================================
|           Line           |  full/ parallel  |
===============================================
|            42            |    auto/auto     |
===============================================
Presto compilation completed successfully.
Information: Building the design 'shift8Bit'. (HDL-193)
Warning:  ./shift8bit.v:45: DEFAULT branch of CASE statement cannot be reached. (ELAB-311)

Statistics for case statements in always block at line 44 in file
	'./shift8bit.v'
===============================================
|           Line           |  full/ parallel  |
===============================================
|            45            |    auto/auto     |
===============================================
Presto compilation completed successfully.
1
echo "********** CS552 Reading files end ********************"
********** CS552 Reading files end ********************
current_design proc
Current design is 'proc'.
{proc}
#/* The name of the clock pin. If no clock-pin     */
#/* exists, pick anything                          */
set my_clock_pin clk
clk
#/* Target frequency in MHz for optimization       */
set my_clk_freq_MHz 1000
1000
#/* Delay of input signals (Clock-to-Q, Package etc.)  */
set my_input_delay_ns 0.1
0.1
#/* Reserved time for output signals (Holdtime etc.)   */
set my_output_delay_ns 0.1
0.1
#/**************************************************/
#/* No modifications needed below                  */
#/**************************************************/
set verilogout_show_unconnected_pins "true"
true
# analyze -f verilog $my_verilog_files
# elaborate $my_toplevel -architecture verilog
# current_design $my_toplevel
report_hierarchy 
 
****************************************
Report : hierarchy
Design : proc
Version: L-2016.03-SP4-1
Date   : Sat Apr  8 15:56:19 2017
****************************************

Information: This design contains unmapped logic. (RPT-7)

proc
    GTECH_AND2                                       gtech
    GTECH_BUF                                        gtech
    GTECH_NOT                                        gtech
    GTECH_OR2                                        gtech
    decodeStage
        GTECH_AND2                                   gtech
        GTECH_BUF                                    gtech
        GTECH_NOT                                    gtech
        GTECH_OR2                                    gtech
        controlBlock
            GTECH_AND2                               gtech
            GTECH_BUF                                gtech
            GTECH_NOT                                gtech
            GTECH_OR2                                gtech
        dff
            GTECH_BUF                                gtech
            GTECH_NOT                                gtech
        rf_bypass
            GTECH_AND2                               gtech
            GTECH_BUF                                gtech
            GTECH_NOT                                gtech
            rf
                GTECH_AND2                           gtech
                GTECH_BUF                            gtech
                GTECH_NOT                            gtech
                GTECH_OR2                            gtech
                register
                    GTECH_BUF                        gtech
                    GTECH_NOT                        gtech
                    dff
                        ...
    executeStage
        GTECH_AND2                                   gtech
        GTECH_BUF                                    gtech
        GTECH_NOT                                    gtech
        GTECH_OR2                                    gtech
        GTECH_XOR2                                   gtech
        alu
            GTECH_AND2                               gtech
            GTECH_BUF                                gtech
            GTECH_NOT                                gtech
            GTECH_OR2                                gtech
            GTECH_XOR2                               gtech
            cla16Bit
                cla4Bit
                    carry4Bit
                        GTECH_AND2                   gtech
                        GTECH_OR2                    gtech
                    faGP
                        GTECH_AND2                   gtech
                        GTECH_OR2                    gtech
                        GTECH_XOR2                   gtech
            shifter
                shift1Bit
                    GTECH_AND2                       gtech
                    GTECH_BUF                        gtech
                    GTECH_NOT                        gtech
                    GTECH_OR2                        gtech
                shift2Bit
                    GTECH_AND2                       gtech
                    GTECH_BUF                        gtech
                    GTECH_NOT                        gtech
                    GTECH_OR2                        gtech
                shift4Bit
                    GTECH_AND2                       gtech
                    GTECH_BUF                        gtech
                    GTECH_NOT                        gtech
                    GTECH_OR2                        gtech
                shift8Bit
                    GTECH_AND2                       gtech
                    GTECH_BUF                        gtech
                    GTECH_NOT                        gtech
                    GTECH_OR2                        gtech
        cla16Bit
            ...
        dff
            ...
    fetchStage
        GTECH_BUF                                    gtech
        GTECH_NOT                                    gtech
        GTECH_OR2                                    gtech
        dff
            ...
        incr2
            cla16Bit
                ...
        memory2c
            GTECH_AND2                               gtech
            GTECH_BUF                                gtech
            GTECH_NOT                                gtech
            GTECH_OR2                                gtech
        register
            ...
    memoryStage
        GTECH_AND2                                   gtech
        GTECH_BUF                                    gtech
        GTECH_NOT                                    gtech
        GTECH_OR2                                    gtech
        dff
            ...
        memory2c
            ...
1
link

  Linking design 'proc'
  Using the following designs and libraries:
  --------------------------------------------------------------------------
  gscl45nm (library)          /u/k/a/karu/courses/cs552/cad/Synopsys_Libraries/libs/gscl45nm.db

1
uniquify
Information: Uniquified 9 instances of design 'register'. (OPT-1056)
Information: Uniquified 2 instances of design 'memory2c'. (OPT-1056)
Information: Uniquified 431 instances of design 'dff'. (OPT-1056)
Information: Uniquified 3 instances of design 'cla16Bit'. (OPT-1056)
Information: Uniquified 12 instances of design 'cla4Bit'. (OPT-1056)
Information: Uniquified 48 instances of design 'faGP'. (OPT-1056)
Information: Uniquified 12 instances of design 'carry4Bit'. (OPT-1056)
1
set my_period [expr 1000 / $my_clk_freq_MHz]
1
set find_clock [ find port [list $my_clock_pin] ]
{clk}
if {  $find_clock != [list] } {
   set clk_name $my_clock_pin
   create_clock -period $my_period $clk_name
} else {
   set clk_name vclk
   create_clock -period $my_period -name $clk_name
} 
1
set_driving_cell  -lib_cell INVX1  [all_inputs]
Warning: Design rule attributes from the driving cell will be
	set on the port. (UID-401)
Warning: Design rule attributes from the driving cell will be
	set on the port. (UID-401)
1
set_input_delay $my_input_delay_ns -clock $clk_name [remove_from_collection [all_inputs] $my_clock_pin]
1
set_output_delay $my_output_delay_ns -clock $clk_name [all_outputs]
1
compile 
Warning: Setting attribute 'fix_multiple_port_nets' on design 'proc'. (UIO-59)
Information: Evaluating DesignWare library utilization. (UISN-27)

============================================================================
| DesignWare Building Block Library  |         Version         | Available |
============================================================================
| Basic DW Building Blocks           | L-2016.03-DWBB_201603.4 |     *     |
| Licensed DW Building Blocks        |                         |           |
============================================================================


Information: There are 1139 potential problems in your design. Please run 'check_design' for more information. (LINT-99)



  Beginning Pass 1 Mapping
  ------------------------
  Processing 'dff_146'
  Processing 'memory2c_0'
  Processing 'memoryStage'
  Processing 'carry4Bit_0'
  Processing 'faGP_0'
  Processing 'cla4Bit_0'
  Processing 'cla16Bit_0'
  Processing 'shift8Bit'
  Processing 'shift4Bit'
  Processing 'shift2Bit'
  Processing 'shift1Bit'
  Processing 'shifter'
  Processing 'alu'
  Processing 'cla4Bit_11'
  Processing 'cla16Bit_2'
  Processing 'executeStage'
  Processing 'register_0'
  Processing 'rf'
  Processing 'rf_bypass'
  Processing 'controlBlock'
  Processing 'decodeStage'
  Processing 'incr2'
  Processing 'register_8'
  Processing 'fetchStage'
  Processing 'proc'

  Updating timing information
Information: Updating design information... (UID-85)

  Beginning Implementation Selection
  ----------------------------------
  Processing 'memory2c_0_DW01_inc_0'
  Processing 'memory2c_1_DW01_inc_0'

  Beginning Mapping Optimizations  (Medium effort)
  -------------------------------
  Mapping Optimization (Phase 1)
  Mapping Optimization (Phase 2)
  Mapping Optimization (Phase 3)
  Mapping Optimization (Phase 4)
  Mapping Optimization (Phase 5)
  Mapping Optimization (Phase 6)

                                  TOTAL                                      
   ELAPSED            WORST NEG   SETUP    DESIGN                            
    TIME      AREA      SLACK     COST    RULE COST         ENDPOINT         
  --------- --------- --------- --------- --------- -------------------------
    0:00:16   37502.2      1.57      69.1      23.9                          
    0:00:16   37502.2      1.57      69.1      23.9                          
    0:00:16   38007.2      1.55      65.0      23.9                          
    0:00:19   39604.2      0.73      22.4      18.6                          
    0:00:19   39604.2      0.73      22.4      18.6                          
    0:00:19   39604.2      0.73      22.4      18.6                          
    0:00:19   39604.2      0.73      22.4      18.6                          
    0:00:19   39604.2      0.73      22.4      18.6                          
    0:00:20   37572.6      0.86      35.7      17.6                          
    0:00:21   37579.7      0.80      26.5      17.6                          
    0:00:21   37583.9      0.78      25.0      17.6                          
    0:00:21   37589.5      0.78      24.8      17.6                          
    0:00:21   37587.6      0.78      24.8      17.6                          
    0:00:22   37590.5      0.78      23.8      17.6                          
    0:00:22   37586.7      0.78      23.9      17.6                          
    0:00:22   37590.0      0.78      23.7      17.6                          
    0:00:22   37586.7      0.78      23.9      17.6                          
    0:00:22   37590.0      0.78      23.7      17.6                          
    0:00:22   37590.0      0.78      23.7      17.6                          
    0:00:22   37590.0      0.78      23.7      17.6                          
    0:00:22   37590.0      0.78      23.7      17.6                          
    0:00:25   37959.8      0.79      25.6      14.4                          
    0:00:28   38307.1      0.81      26.0      11.5                          
    0:00:32   38376.1      0.84      26.7      11.3                          
    0:00:36   38447.4      0.86      26.8      11.2                          
    0:00:37   38496.7      0.86      26.9      11.1                          
    0:00:38   38539.4      0.87      27.0      11.1                          
    0:00:38   38576.5      0.87      27.0      11.0                          
    0:00:38   38613.1      0.88      27.0      10.9                          
    0:00:38   38641.7      0.88      27.0      10.9                          
    0:00:38   38641.7      0.88      27.0      10.9                          
    0:00:39   39067.8      0.79      24.1      10.9 execute/doBrF/state_reg/D
    0:00:39   39114.3      0.75      23.7      10.9 execute/doBrF/state_reg/D
    0:00:39   39135.9      0.75      23.6      10.9                          
    0:00:39   39147.1      0.74      23.6      10.9                          
    0:00:39   39160.3      0.73      23.4      10.9                          
    0:00:39   39166.8      0.71      23.2      10.9                          
    0:00:39   39182.8      0.70      23.2      10.9                          
    0:00:39   39188.0      0.70      23.2      10.9                          
    0:00:40   39204.4      0.69      23.2      10.9                          
    0:00:40   39213.3      0.68      23.2      10.9                          
    0:00:40   39225.5      0.68      23.1      10.9                          
    0:00:40   39238.2      0.67      23.1      10.9                          
    0:00:40   39241.9      0.67      23.1      10.9                          
    0:00:40   39245.7      0.66      23.0      10.9                          
    0:00:40   39263.5      0.66      23.0      10.9                          
    0:00:40   39274.3      0.65      22.9      10.9                          
    0:00:40   39279.9      0.64      22.7      10.9                          
    0:00:40   39287.0      0.64      22.7      10.9                          
    0:00:40   39306.2      0.64      22.7      10.9                          
    0:00:40   39308.6      0.64      22.4      10.9                          
    0:00:40   39309.0      0.63      22.2      10.9                          
    0:00:40   39319.4      0.62      22.2      10.9                          
    0:00:41   39325.9      0.62      22.1      10.9                          
    0:00:41   39330.2      0.62      22.2      10.9                          
    0:00:41   39342.8      0.61      22.2      10.9                          
    0:00:41   39339.1      0.61      22.2      11.0                          
    0:00:41   39337.7      0.61      22.2      11.0                          
    0:00:41   39331.6      0.61      22.0      11.0                          
    0:00:41   39336.7      0.61      22.0      11.0                          
    0:00:41   39338.6      0.60      22.0      11.0                          
    0:00:41   39338.6      0.60      22.0      11.0                          
    0:00:41   39340.5      0.60      21.9      11.0                          
    0:00:41   39347.5      0.60      21.9      11.0                          
    0:00:41   39348.0      0.60      21.9      11.0                          
    0:00:41   39357.8      0.59      21.7      10.9                          
    0:00:41   39357.4      0.59      21.7      10.9                          
    0:00:41   39366.8      0.59      21.0      10.9                          
    0:00:41   39384.1      0.59      21.0      10.9                          
    0:00:42   39384.6      0.59      20.7      10.9                          



  Beginning Delay Optimization Phase
  ----------------------------------

                                  TOTAL                                      
   ELAPSED            WORST NEG   SETUP    DESIGN                            
    TIME      AREA      SLACK     COST    RULE COST         ENDPOINT         
  --------- --------- --------- --------- --------- -------------------------
    0:00:42   39384.6      0.59      20.7      10.9                          
    0:00:42   39386.5      0.58      20.6      10.9 execute/doBrF/state_reg/D
    0:00:42   39393.5      0.58      20.4      10.9 execute/doBrF/state_reg/D
    0:00:42   39393.5      0.57      20.4      11.0 execute/doBrF/state_reg/D
    0:00:42   39399.1      0.57      20.4      11.0 execute/doBrF/state_reg/D
    0:00:42   39404.3      0.57      20.3      11.0 execute/doBrF/state_reg/D
    0:00:42   39405.2      0.57      20.3      10.9 execute/doBrF/state_reg/D
    0:00:42   39411.3      0.56      20.2      10.9 execute/doBrF/state_reg/D
    0:00:42   39418.4      0.56      20.2      10.9 execute/doBrF/state_reg/D
    0:00:42   39432.5      0.56      20.2      10.9 execute/doBrF/state_reg/D
    0:00:42   39438.1      0.56      20.2      10.9 execute/doBrF/state_reg/D
    0:00:42   39443.3      0.56      20.1      10.9 execute/doBrF/state_reg/D
    0:00:43   39457.8      0.55      20.0      10.9 execute/doBrF/state_reg/D
    0:00:43   39468.6      0.55      20.0      10.9 execute/doBrF/state_reg/D
    0:00:43   39477.5      0.55      19.9      10.9 execute/doBrF/state_reg/D
    0:00:43   39480.3      0.55      19.9      11.0 execute/doBrF/state_reg/D
    0:00:43   39483.6      0.55      19.8      11.0 execute/doBrF/state_reg/D
    0:00:43   39489.7      0.55      19.8      11.0 execute/doBrF/state_reg/D
    0:00:43   39499.6      0.54      19.2      11.0 execute/doBrF/state_reg/D
    0:00:43   39502.9      0.54      19.2      11.0 execute/doBrF/state_reg/D
    0:00:43   39505.7      0.54      19.1      11.0 execute/doBrF/state_reg/D
    0:00:43   39508.5      0.54      19.1      11.0 execute/doBrF/state_reg/D
    0:00:43   39511.3      0.54      19.1      11.0 execute/doBrF/state_reg/D
    0:00:43   39510.4      0.54      19.0      11.0 execute/doBrF/state_reg/D
    0:00:43   39509.0      0.54      19.0      11.0 execute/doBrF/state_reg/D
    0:00:44   39518.3      0.54      19.0      11.0 execute/doBrF/state_reg/D
    0:00:44   39519.3      0.54      19.0      11.0 execute/doBrF/state_reg/D
    0:00:44   39521.6      0.54      18.9      11.0 execute/doBrF/state_reg/D
    0:00:44   39524.0      0.53      18.9      11.0 execute/doBrF/state_reg/D
    0:00:44   39532.0      0.53      18.9      11.0 execute/doBrF/state_reg/D
    0:00:44   39543.7      0.53      18.9      11.0 execute/doBrF/state_reg/D
    0:00:44   39550.3      0.53      18.9      11.0 execute/doBrF/state_reg/D
    0:00:44   39550.7      0.53      18.9      11.0 execute/doBrF/state_reg/D
    0:00:44   39547.4      0.53      18.9      11.0 execute/doBrF/state_reg/D
    0:00:44   39549.8      0.53      18.8      11.0 execute/doBrF/state_reg/D
    0:00:44   39551.7      0.53      18.8      11.0 execute/doBrF/state_reg/D
    0:00:44   39554.9      0.53      18.8      11.0 execute/doBrF/state_reg/D
    0:00:44   39563.4      0.53      18.8      11.0 execute/doBrF/state_reg/D
    0:00:44   39564.3      0.53      18.8      11.0 execute/doBrF/state_reg/D
    0:00:45   39567.2      0.53      18.7      11.0 execute/doBrF/state_reg/D
    0:00:45   39591.6      0.53      18.7      11.0 execute/doBrF/state_reg/D
    0:00:45   39600.9      0.53      18.7      11.0 execute/doBrF/state_reg/D
    0:00:45   39601.4      0.53      18.7      11.0 execute/doBrF/state_reg/D
    0:00:45   39594.8      0.52      18.7      11.0 execute/doBrF/state_reg/D
    0:00:45   39594.4      0.52      18.6      11.0 execute/doBrF/state_reg/D
    0:00:45   39593.9      0.52      18.5      11.0 execute/doBrF/state_reg/D
    0:00:45   39595.8      0.52      18.5      11.0 execute/doBrF/state_reg/D
    0:00:45   39598.1      0.52      18.5      11.0 execute/doBrF/state_reg/D
    0:00:45   39599.5      0.52      18.5      11.0 execute/doBrF/state_reg/D
    0:00:45   39600.0      0.52      18.6      11.0 execute/doBrF/state_reg/D
    0:00:45   39609.9      0.52      18.6      11.0 execute/doBrF/state_reg/D
    0:00:45   39607.0      0.52      18.5      11.0 execute/doBrF/state_reg/D
    0:00:45   39601.9      0.52      18.5      11.0 execute/doBrF/state_reg/D
    0:00:46   39603.3      0.52      18.5      11.0 execute/doBrF/state_reg/D
    0:00:46   39606.1      0.52      18.5      11.0 execute/doBrF/state_reg/D
    0:00:46   39613.1      0.52      18.5      11.0 execute/doBrF/state_reg/D
    0:00:46   39619.2      0.52      18.5      11.1 execute/doBrF/state_reg/D
    0:00:46   39612.2      0.52      18.4      11.0 execute/doBrF/state_reg/D
    0:00:46   39616.0      0.52      18.4      11.0 execute/doBrF/state_reg/D
    0:00:46   39619.7      0.51      18.4      11.0 execute/doBrF/state_reg/D
    0:00:46   39621.1      0.51      18.4      11.0 execute/doBrF/state_reg/D
    0:00:46   39627.7      0.51      18.4      11.0 execute/doBrF/state_reg/D
    0:00:46   39631.9      0.51      18.4      11.1 execute/doBrF/state_reg/D
    0:00:46   39643.2      0.51      18.4      11.1 execute/doBrF/state_reg/D
    0:00:46   39648.8      0.51      18.4      11.1 execute/doBrF/state_reg/D
    0:00:46   39653.0      0.51      18.4      11.1 execute/doBrF/state_reg/D
    0:00:47   39662.9      0.51      17.7      11.1 execute/doBrF/state_reg/D
    0:00:47   39672.7      0.51      17.7      11.1 execute/doBrF/state_reg/D
    0:00:47   39669.9      0.51      17.7      11.1 execute/doBrF/state_reg/D
    0:00:47   39666.2      0.51      17.7      11.1 execute/doBrF/state_reg/D
    0:00:47   39666.2      0.51      17.7      11.1 execute/doBrF/state_reg/D
    0:00:47   39666.2      0.51      17.7      11.1 execute/doBrF/state_reg/D
    0:00:47   39674.2      0.51      17.7      11.1 execute/doBrF/state_reg/D
    0:00:47   39672.7      0.51      17.7      11.1 execute/doBrF/state_reg/D
    0:00:47   39676.0      0.50      17.7      11.1 execute/doBrF/state_reg/D
    0:00:47   39686.4      0.50      17.6      11.1 execute/doBrF/state_reg/D
    0:00:47   39686.4      0.50      17.6      11.1 execute/setValF[0]/state_reg/D
    0:00:47   39705.1      0.50      17.7      11.1 execute/doBrF/state_reg/D
    0:00:47   39707.0      0.50      17.6      11.1 execute/setValF[0]/state_reg/D
    0:00:47   39710.3      0.50      17.6      11.1 execute/doBrF/state_reg/D
    0:00:48   39710.3      0.50      17.6      11.1 execute/doBrF/state_reg/D
    0:00:48   39707.5      0.50      17.6      11.1 execute/doBrF/state_reg/D
    0:00:48   39710.8      0.50      17.6      11.1 execute/doBrF/state_reg/D
    0:00:48   39709.8      0.50      17.6      11.1 execute/doBrF/state_reg/D
    0:00:48   39713.6      0.50      17.6      11.1 execute/doBrF/state_reg/D
    0:00:48   39713.1      0.50      17.6      11.1 execute/doBrF/state_reg/D
    0:00:48   39714.5      0.50      17.6      11.1 execute/doBrF/state_reg/D
    0:00:48   39714.5      0.50      17.5      11.1 execute/doBrF/state_reg/D
    0:00:48   39719.7      0.50      17.5      11.1 execute/doBrF/state_reg/D
    0:00:48   39720.6      0.50      17.6      11.1 execute/doBrF/state_reg/D
    0:00:48   39721.1      0.50      17.5      11.1 execute/doBrF/state_reg/D
    0:00:48   39724.8      0.50      17.5      11.1 execute/doBrF/state_reg/D
    0:00:48   39727.7      0.50      17.5      11.1 execute/doBrF/state_reg/D
    0:00:48   39742.7      0.50      17.5      11.1 execute/doBrF/state_reg/D
    0:00:48   39742.7      0.50      17.5      11.1 execute/doBrF/state_reg/D
    0:00:48   39742.7      0.50      17.5      11.1 execute/doBrF/state_reg/D
    0:00:48   39740.8      0.50      17.5      11.1 execute/doBrF/state_reg/D
    0:00:49   39747.8      0.50      17.5      11.1 execute/doBrF/state_reg/D
    0:00:49   39752.1      0.50      17.5      11.1 execute/doBrF/state_reg/D
    0:00:49   39750.2      0.50      17.5      11.1 execute/doBrF/state_reg/D
    0:00:49   39752.1      0.49      17.5      11.1 execute/doBrF/state_reg/D
    0:00:49   39745.0      0.49      17.5      11.1 execute/doBrF/state_reg/D
    0:00:49   39749.2      0.49      17.4      11.1 execute/doBrF/state_reg/D
    0:00:49   39750.2      0.49      17.5      11.1 execute/doBrF/state_reg/D
    0:00:49   39751.6      0.49      17.4      11.1 execute/doBrF/state_reg/D
    0:00:49   39753.9      0.49      17.4      11.1 execute/doBrF/state_reg/D
    0:00:49   39753.5      0.49      17.4      11.1 execute/doBrF/state_reg/D
    0:00:49   39751.6      0.49      17.4      11.1 execute/doBrF/state_reg/D
    0:00:50   39836.1      0.49      17.4      11.1 execute/doBrF/state_reg/D
    0:00:50   39838.9      0.49      17.4      11.1 execute/doBrF/state_reg/D
    0:00:50   39842.2      0.49      17.3      11.1 execute/doBrF/state_reg/D
    0:00:50   39830.9      0.48      17.1      11.1                          
    0:00:50   39830.9      0.48      17.1      11.1                          


  Beginning Design Rule Fixing  (max_capacitance)
  ----------------------------

                                  TOTAL                                      
   ELAPSED            WORST NEG   SETUP    DESIGN                            
    TIME      AREA      SLACK     COST    RULE COST         ENDPOINT         
  --------- --------- --------- --------- --------- -------------------------
    0:00:50   39830.9      0.48      17.1      11.1                          
    0:00:50   39874.5      0.48      16.9      10.7 execute/alua/shift/shift2/U3/net52505
    0:00:50   39925.2      0.48      16.7      10.6 execute/alua/adder/add3/fas[0]/P
    0:00:51   39963.2      0.48      16.5      10.5 decode/ctrlBlk/n45       
    0:00:51   40010.6      0.48      16.5      10.5 execute/net53084         
    0:00:51   40060.4      0.48      16.4      10.4 execute/alua/adder/add4/carry/Cout<3>
    0:00:51   40083.9      0.48      16.4      10.3 execute/alua/shift/shift8/net52380
    0:00:51   40119.5      0.48      16.3      10.3 execute/adder/add2/fas[3]/P
    0:00:51   40170.7      0.48      16.3      10.3 memory/intRegWriteData<12>
    0:00:51   40196.0      0.48      16.3      10.3 execute/alua/shift/shift4/U3/net52416
    0:00:51   40273.4      0.48      16.2      10.2 fetch/iMem/n1192         
    0:00:51   40373.9      0.48      16.1      10.1 execute/alua/net52645    
    0:00:51   40421.7      0.48      16.0      10.1 execute/alua/adder/add3/fas[1]/net52263
    0:00:51   40454.1      0.48      16.0      10.1 execute/adder/add1/fas[2]/net52916
    0:00:51   40478.5      0.48      16.0      10.0 execute/alua/Out<9>      
    0:00:51   40481.3      0.48      16.0      10.0 memory/mem/C2242/net49429
    0:00:51   40485.6      0.48      16.2      10.0 memory/mem/C2243/net50932
    0:00:51   40487.4      0.48      16.2      10.0 memory/mem/C2243/net50663
    0:00:52   40487.4      0.48      16.2      10.0 memory/mem/C2242/net49554
    0:00:52   40530.6      0.48      16.2      10.0 fetch/iMem/C2243/net11711
    0:00:52   40568.2      0.48      16.2       9.9 fetch/iMem/C2243/net12089
    0:00:52   40593.0      0.48      16.2       9.9 fetch/iMem/C2242/net13051
    0:00:52   40600.6      0.48      16.2       9.8 memory/mem/C2243/net50915
    0:00:52   40602.4      0.48      16.2       9.8 memory/mem/C2242/net49828
    0:00:52   40604.3      0.48      16.2       9.8 memory/mem/C2242/net49593
    0:00:52   40608.1      0.48      16.2       9.8 fetch/iMem/C2242/net13237
    0:00:52   40612.8      0.48      16.2       9.8 execute/net53078         
    0:00:52   40617.9      0.48      16.2       9.8 execute/adder/add2/carry/net52867
    0:00:52   40662.5      0.48      16.2       9.8 decode/net53288          
    0:00:52   40730.1      0.48      16.1       9.8 fetch/iMem/C2243/net11892
    0:00:52   40831.4      0.48      16.1       9.7 memory/mem/C2243/net50219
    0:00:53   40878.4      0.48      16.1       9.7 fetch/iMem/C2243/net11612
    0:00:53   40987.3      0.48      16.1       9.6 execute/alua/adder/add1/fas[2]/net52336
    0:00:53   41091.0      0.48      16.1       9.6 memory/mem/C2242/net50032
    0:00:53   41142.6      0.48      16.0       9.5 execute/alua/adder/add2/fas[1]/G
    0:00:53   41161.8      0.48      15.9       9.5 decode/ctrlBlk/net53235  
    0:00:53   41221.9      0.48      15.9       9.5 memory/mem/C2243/net50632
    0:00:53   41241.1      0.48      15.9       9.5 fetch/iMem/C2243/net11509
    0:00:53   41256.6      0.48      16.0       9.5 memory/mem/C2242/net50157
    0:00:53   41296.1      0.48      16.0       9.5 memory/mem/C2243/net50204
    0:00:53   41301.7      0.48      16.0       9.5 fetch/iMem/C2243/net11510
    0:00:53   41337.8      0.48      16.0       9.5 execute/alua/shift/shift8/shiftOut<14>
    0:00:53   41343.5      0.48      16.0       9.5 memory/mem/C2243/net50837
    0:00:53   41360.8      0.48      16.0       9.5 memory/mem/C2243/net50298
    0:00:53   41388.5      0.48      16.0       9.5 decode/register/registerFile/read2data<15>
    0:00:54   41730.2      0.48      16.0       9.4 decode/register/registerFile/read1data<3>
    0:00:54   41794.4      0.48      16.0       9.4 fetch/iMem/n242          
    0:00:54   41933.8      0.48      16.0       9.4 fetch/iMem/n313          
    0:00:54   42073.2      0.48      16.0       9.3 fetch/iMem/n379          
    0:00:54   42212.6      0.48      16.0       9.3 fetch/iMem/n450          
    0:00:54   42352.0      0.48      16.0       9.3 fetch/iMem/n516          
    0:00:54   42491.4      0.48      16.0       9.3 fetch/iMem/n582          
    0:00:54   42630.7      0.48      16.0       9.3 fetch/iMem/n654          
    0:00:54   42770.1      0.48      16.0       9.3 fetch/iMem/n720          
    0:00:54   42909.5      0.48      16.0       9.3 fetch/iMem/n789          
    0:00:54   43048.9      0.48      16.0       9.2 fetch/iMem/n858          
    0:00:54   43188.3      0.48      16.0       9.2 fetch/iMem/n926          
    0:00:54   43327.7      0.48      16.0       9.2 fetch/iMem/n996          
    0:00:54   43467.0      0.48      16.0       9.2 fetch/iMem/n1062         
    0:00:54   43606.4      0.48      16.0       9.2 fetch/iMem/n1130         
    0:00:55   43745.8      0.48      16.0       9.2 fetch/iMem/n1200         
    0:00:55   43885.2      0.48      16.0       9.1 fetch/iMem/n1268         
    0:00:55   44024.6      0.48      16.0       9.1 fetch/iMem/n1335         
    0:00:55   44117.5      0.48      16.0       9.1 execute/alua/shift/shift8/U3/net52355
    0:00:55   44122.6      0.48      16.0       9.1 memory/mem/C2242/net50189
    0:00:55   44137.7      0.48      16.0       9.1 execute/alua/shift/shift2/net52515
    0:00:55   44178.5      0.48      15.9       9.1 memory/mem/C2243/net50363
    0:00:55   44343.2      0.48      15.9       9.0 decode/ctrlBlk/net53233  
    0:00:57   44355.4      0.48      15.9       9.0 execute/alua/adder/add2/fas[2]/net52298
    0:00:58   44376.5      0.48      15.9       9.0 decode/ctrlBlk/halt      
    0:00:58   44391.6      0.48      15.9       9.0 execute/alua/net52690    
    0:00:58   44391.6      0.48      15.9       9.0 execute/alua/shift/shift8/net52391
    0:00:58   44407.5      0.48      15.9       9.0 decode/ctrlBlk/net69148  
    0:00:58   44413.1      0.48      15.9       9.0 memory/mem/net62152      
    0:00:58   44421.6      0.48      15.9       9.0 decode/register/registerFile/net65537
    0:00:58   44480.7      0.48      15.9       8.9 decode/register/registerFile/net65810
    0:00:58   44511.7      0.48      15.8       8.9 fetch/incrPC/adder/add1/carry/Cout<2>
    0:00:58   44523.4      0.48      15.8       8.9 memory/mem/n1233         
    0:00:59   44543.1      0.48      15.8       8.9 fetch/iMem/n1072         
    0:01:00   44557.2      0.48      15.8       8.8 net53437                 
    0:01:00   44583.5      0.48      15.8       8.8 net53504                 
    0:01:00   44585.4      0.48      15.7       8.8 execute/alua/shift/shift4/U3/net52440
    0:01:00   44584.9      0.48      15.7       8.8 decode/ctrlBlk/net53217  
    0:01:00   44587.7      0.48      15.7       8.8 execute/alua/net58105    
    0:01:00   44594.8      0.48      15.7       8.8 execute/alua/shift/shift8/U3/net52354
    0:01:00   44598.0      0.48      15.7       8.8 decode/ctrlBlk/n45       
    0:01:00   44599.5      0.48      15.7       8.8 memory/mem/n1234         
    0:01:00   44597.1      0.48      15.8       8.8 fetch/_0_net_            
    0:01:00   44618.2      0.48      15.8       8.8 fetch/iMem/C2242/net13043
    0:01:01   44631.4      0.48      15.8       8.7 memory/mem/C2243/net50282
    0:01:01   44634.2      0.48      15.8       8.7 execute/alua/shift/shift8/net52375
    0:01:01   44637.0      0.48      15.8       8.7 fetch/iMem/C2242/net13187
    0:01:02   44637.0      0.48      15.8       8.7 execute/adder/add3/carry/net52840
    0:01:02   44634.2      0.48      15.8       8.7 execute/alua/adder/add4/carry/net63723
    0:01:06   44631.8      0.48      15.8       8.7 execute/doBrF/state_reg/D
    0:01:06   44635.6      0.48      15.7       8.7 execute/doBrF/state_reg/D
    0:01:06   44637.0      0.48      15.7       8.7 execute/doBrF/state_reg/D
    0:01:07   44639.3      0.48      15.7       8.7 execute/doBrF/state_reg/D
    0:01:07   44643.1      0.48      15.7       8.7 execute/doBrF/state_reg/D
    0:01:07   44640.8      0.48      15.7       8.7 execute/doBrF/state_reg/D
    0:01:07   44643.6      0.48      15.7       8.7 execute/doBrF/state_reg/D
    0:01:07   44642.6      0.48      15.7       8.7 execute/doBrF/state_reg/D
    0:01:07   44644.5      0.48      15.7       8.7 execute/doBrF/state_reg/D
    0:01:07   44645.9      0.48      15.7       8.7 execute/doBrF/state_reg/D
    0:01:07   44654.8      0.48      15.7       8.7 execute/doBrF/state_reg/D
    0:01:07   44650.1      0.48      15.7       8.7 execute/doBrF/state_reg/D
    0:01:07   44652.0      0.48      15.7       8.7 execute/doBrF/state_reg/D
    0:01:07   44653.4      0.47      15.7       8.7 execute/doBrF/state_reg/D
    0:01:07   44660.9      0.47      15.6       8.7 execute/doBrF/state_reg/D
    0:01:07   44660.9      0.47      15.6       8.7 execute/doBrF/state_reg/D
    0:01:08   44659.5      0.47      15.6       8.7 execute/doBrF/state_reg/D
    0:01:08   44658.1      0.47      15.6       8.7 execute/doBrF/state_reg/D
    0:01:08   44668.0      0.47      15.6       8.7 execute/doBrF/state_reg/D
    0:01:08   44671.3      0.47      15.6       8.7 execute/doBrF/state_reg/D
    0:01:08   44668.0      0.47      15.5       8.7 execute/doBrF/state_reg/D
    0:01:08   44668.0      0.47      15.5       8.7 execute/doBrF/state_reg/D
    0:01:08   44669.4      0.47      15.5       8.7 execute/alua/shift/shift8/U3/net52371
    0:01:08   44696.1      0.47      15.5       8.7 execute/alua/shift/shift4/dataIn<5>
    0:01:08   44698.5      0.47      15.5       8.7 memory/mem/C2243/net50222
    0:01:08   44702.2      0.47      15.5       8.7 execute/alua/shiftOut<15>
    0:01:08   44701.8      0.47      15.5       8.7 execute/alua/shift/shift8/U3/net52371
    0:01:09   44706.5      0.47      15.5       8.7 decode/instrIn<4>        
    0:01:09   44713.5      0.47      15.4       8.7 execute/adder/add3/carry/net52841
    0:01:09   44715.4      0.47      15.4       8.7 fetch/iMem/C2243/net11851
    0:01:09   44721.0      0.47      15.4       8.7 memory/mem/C2243/net50826
    0:01:09   44722.9      0.47      15.4       8.7 memory/mem/C2242/net49812
    0:01:09   44724.8      0.47      15.4       8.7 fetch/iMem/C2242/net13065
    0:01:09   44734.1      0.47      15.4       8.6 memory/mem/C2243/net50421
    0:01:10   44734.1      0.47      15.4       8.6 memory/mem/C2243/net50333
    0:01:10   44739.8      0.47      15.4       8.6 memory/mem/C2242/net50156
    0:01:10   44748.2      0.47      14.7       8.6 memory/mem/C2242/net49940
    0:01:10   44751.0      0.47      14.7       8.6 decode/net64571          
    0:01:10   44752.0      0.47      14.7       8.6 memory/mem/C2243/net50277
    0:01:10   44754.8      0.47      14.7       8.6 execute/alua/shift/shift8/U3/net52363
    0:01:11   44757.6      0.47      14.7       8.6 memory/mem/C2243/net50242
    0:01:13   44758.5      0.47      14.7       8.6 execute/alua/adder/add1/fas[1]/net61679
    0:01:13   44757.1      0.47      14.7       8.6 execute/alua/shift/shift4/net74087
    0:01:13   44755.7      0.47      14.7       8.6 execute/alua/shift/shift8/U3/net52359
    0:01:13   44756.7      0.47      14.6       8.6 memory/mem/C2242/net49980
    0:01:13   44754.3      0.47      14.6       8.6 fetch/incrPC/adder/add1/carry/Cout<2>
    0:01:15   44756.7      0.47      14.6       8.6 fInstr<13>               
    0:01:15   44766.1      0.47      14.6       8.6 execute/alua/shift/shift8/dataIn<8>
    0:01:17   44768.4      0.47      14.6       8.6 execute/adder/add4/carries<2>
    0:01:17   44813.9      0.52      15.6       8.5 memory/net52193          
    0:01:17   44891.4      0.59      17.2       8.4 memory/mem/net61795      
    0:01:17   44950.0      0.61      17.4       8.4 decode/ctrlBlk/net53208  
    0:01:18   45015.7      0.64      17.8       8.3 execute/alua/adder/add3/fas[0]/P
    0:01:18   45047.2      0.66      18.5       8.3 execute/alua/net52648    
    0:01:18   45117.1      0.73      19.2       8.2 execute/adder/add2/fas[1]/net52891
    0:01:18   45180.4      0.74      19.5       8.2 memory/mem/C2243/net50628
    0:01:18   45194.1      0.76      19.5       8.1 memory/mem/C2243/net50473
    0:01:18   45203.0      0.76      19.5       8.1 execute/alua/net52650    
    0:01:18   45287.0      0.85      23.2       8.1 memory/mem/C2243/net50291
    0:01:19   45375.7      0.88      23.5       8.0 memory/mem/C2243/net50828
    0:01:19   45459.2      0.88      26.1       7.9 execute/alua/shift/shift4/net61546
    0:01:19   45527.7      0.90      27.0       7.8 memory/mem/C2243/net50256
    0:01:19   45577.9      0.93      27.9       7.8 execute/alua/net52656    
    0:01:19   45612.2      0.95      28.2       7.8 execute/alua/net52687    
    0:01:19   45669.5      0.97      28.7       7.7 execute/alua/net52628    
    0:01:19   45720.6      1.00      28.9       7.7 fetch/iMem/n129          
    0:01:19   45819.2      1.00      28.9       7.7 fetch/iMem/n238          
    0:01:20   45840.3      1.00      28.9       7.7 memory/mem/C2243/net50338
    0:01:20   45902.7      1.00      29.1       7.6 memory/mem/net61963      
    0:01:21   45935.6      1.03      29.2       7.6 execute/net53063         
    0:01:22   46033.6      1.03      29.3       7.6 execute/alua/adder/add2/fas[2]/net62175
    0:01:22   46102.6      1.11      31.6       7.5 memory/mem/N115          
    0:01:22   46151.4      1.11      32.2       7.5 fetch/incrPC/adder/add1/fas[1]/G
    0:01:22   46239.2      1.11      32.3       7.4 execute/alua/shift/shift8/U3/net52363
    0:01:22   46320.4      1.11      33.0       7.4 memory/mem/C2242/net50157
    0:01:22   46408.6      1.17      33.6       7.3 decode/net64571          
    0:01:23   46447.1      1.17      33.6       7.3 memory/mem/net24048      
    0:01:23   46449.0      1.17      33.6       7.3 fetch/incrPC/adder/add1/fas[1]/P
    0:01:24   46494.0      1.19      34.4       7.2 net53488                 
    0:01:25   46516.5      1.19      35.0       7.2 net53505                 
    0:01:25   46538.6      1.18      36.4       7.2 memory/mem/C2243/net50226
    0:01:25   46531.1      1.15      36.0       7.2 execute/doBrF/state_reg/D
    0:01:25   46506.7      1.12      36.0       7.2 execute/doBrF/state_reg/D
    0:01:25   46496.4      1.11      35.3       7.2 execute/doBrF/state_reg/D
    0:01:25   46483.2      1.08      35.0       7.2 execute/doBrF/state_reg/D
    0:01:25   46478.5      1.07      34.5       7.2 execute/doBrF/state_reg/D
    0:01:25   46481.3      1.06      34.4       7.2 execute/doBrF/state_reg/D
    0:01:25   46476.2      1.05      34.3       7.2 execute/doBrF/state_reg/D
    0:01:26   46469.6      1.04      34.2       7.2 execute/doBrF/state_reg/D
    0:01:26   46477.6      1.03      34.1       7.2 execute/doBrF/state_reg/D
    0:01:26   46464.5      1.02      33.9       7.2 execute/doBrF/state_reg/D
    0:01:26   46469.1      1.02      33.8       7.2 execute/doBrF/state_reg/D
    0:01:26   46467.7      1.01      33.6       7.2 execute/doBrF/state_reg/D
    0:01:26   46467.3      1.01      33.6       7.2 execute/doBrF/state_reg/D
    0:01:26   46458.8      1.01      33.5       7.2 execute/doBrF/state_reg/D
    0:01:26   46458.8      1.01      33.3       7.2 execute/doBrF/state_reg/D
    0:01:26   46459.3      1.00      33.3       7.2 execute/doBrF/state_reg/D
    0:01:26   46455.5      1.00      33.3       7.2 execute/doBrF/state_reg/D
    0:01:26   46457.9      1.00      33.2       7.2 execute/doBrF/state_reg/D
    0:01:26   46459.3      1.00      33.2       7.2 execute/doBrF/state_reg/D
    0:01:27   46460.2      0.99      33.3       7.2 execute/doBrF/state_reg/D
    0:01:27   46459.8      0.99      33.2       7.2 execute/doBrF/state_reg/D
    0:01:27   46453.7      0.99      33.2       7.2 execute/doBrF/state_reg/D
    0:01:27   46459.3      0.99      33.2       7.2 execute/doBrF/state_reg/D
    0:01:27   46458.4      0.98      33.0       7.2 execute/doBrF/state_reg/D
    0:01:27   46466.8      0.98      33.0       7.2 execute/doBrF/state_reg/D
    0:01:27   46465.4      0.98      33.0       7.2 execute/doBrF/state_reg/D
    0:01:27   46456.9      0.98      33.0       7.2 execute/doBrF/state_reg/D
    0:01:27   46454.1      0.97      33.0       7.2 execute/doBrF/state_reg/D
    0:01:27   46447.1      0.97      32.9       7.2 execute/doBrF/state_reg/D
    0:01:27   46449.4      0.96      32.9       7.2 execute/doBrF/state_reg/D
    0:01:27   46448.0      0.96      32.8       7.2 execute/doBrF/state_reg/D
    0:01:27   46449.0      0.96      32.6       7.2 execute/jmpPcF[15]/state_reg/D
    0:01:28   46445.2      0.95      32.5       7.2 execute/doBrF/state_reg/D
    0:01:28   46441.9      0.95      32.5       7.2 execute/doBrF/state_reg/D
    0:01:28   46441.0      0.95      32.4       7.2 execute/doBrF/state_reg/D
    0:01:28   46440.0      0.95      32.4       7.2 execute/doBrF/state_reg/D
    0:01:28   46439.6      0.95      32.3       7.2 execute/doBrF/state_reg/D
    0:01:28   46434.9      0.95      32.3       7.2 execute/doBrF/state_reg/D
    0:01:28   46433.0      0.94      32.4       7.2 execute/doBrF/state_reg/D
    0:01:28   46431.1      0.94      32.3       7.2 execute/doBrF/state_reg/D
    0:01:28   46431.1      0.94      32.3       7.2 execute/doBrF/state_reg/D
    0:01:28   46433.0      0.94      32.3       7.2 fetch/iMem/C2243/net11817
    0:01:29   46440.5      0.94      32.3       7.1 memory/mem/C2243/net50564
    0:01:29   46442.4      0.94      32.3       7.1 fetch/iMem/C2242/net12815
    0:01:29   46453.7      0.94      32.3       7.1 memory/mem/C2243/net50598
    0:01:29   46455.5      0.94      32.3       7.1 memory/mem/C2243/net50841
    0:01:29   46457.4      0.94      32.3       7.1 memory/mem/C2242/net49970
    0:01:29   46459.3      0.94      32.3       7.1 execute/net53031         
    0:01:31   46461.6      0.94      32.3       7.1 memory/mem/C2243/net50476
    0:01:31   46464.0      0.94      32.3       7.1 memory/mem/C2243/net50498
    0:01:31   46470.1      0.96      32.6       7.1 memory/mem/C2243/net50226
    0:01:32   46473.8      1.04      33.9       7.1 memory/mem/C2243/net50199
    0:01:32   46472.4      1.04      33.9       7.1 decode/ctrlBlk/net53209  
    0:01:32   46470.1      1.04      33.9       7.1 memory/mem/C2242/net49981
    0:01:34   46470.1      1.04      33.9       7.1 execute/doBrF/state_reg/D
    0:01:34   46467.7      0.99      32.9       7.1 execute/doBrF/state_reg/D
    0:01:34   46475.2      0.99      32.6       7.1 execute/doBrF/state_reg/D
    0:01:34   46470.6      0.98      32.6       7.1 execute/doBrF/state_reg/D
    0:01:34   46487.0      0.97      32.6       7.1 execute/doBrF/state_reg/D
    0:01:34   46485.1      0.96      32.5       7.1 execute/doBrF/state_reg/D
    0:01:34   46487.9      0.96      32.5       7.1 execute/doBrF/state_reg/D
    0:01:34   46487.9      0.96      32.5       7.1 execute/doBrF/state_reg/D
    0:01:34   46480.9      0.96      32.4       7.1 execute/doBrF/state_reg/D
    0:01:34   46487.0      0.95      32.4       7.1 execute/doBrF/state_reg/D
    0:01:34   46485.1      0.95      32.4       7.1 execute/doBrF/state_reg/D
    0:01:35   46483.2      0.95      32.3       7.1 execute/doBrF/state_reg/D
    0:01:35   46488.9      0.94      32.2       7.1 execute/doBrF/state_reg/D
    0:01:35   46486.0      0.94      32.2       7.1 execute/doBrF/state_reg/D
    0:01:35   46488.4      0.94      32.2       7.1 execute/doBrF/state_reg/D
    0:01:35   46488.9      0.94      32.1       7.1 execute/doBrF/state_reg/D
    0:01:35   46494.0      0.93      32.1       7.1 execute/doBrF/state_reg/D
    0:01:35   46504.8      0.93      32.1       7.1 execute/doBrF/state_reg/D
    0:01:35   46500.1      0.93      32.1       7.1 execute/doBrF/state_reg/D
    0:01:35   46499.7      0.93      32.0       7.1 execute/doBrF/state_reg/D
    0:01:35   46502.5      0.92      31.9       7.1 execute/doBrF/state_reg/D
    0:01:35   46501.1      0.92      31.8       7.1 execute/doBrF/state_reg/D
    0:01:36   46476.2      0.91      31.7       7.1 execute/doBrF/state_reg/D
    0:01:36   46481.8      0.91      31.7       7.1 execute/doBrF/state_reg/D
    0:01:36   46479.9      0.91      31.4       7.1 execute/doBrF/state_reg/D
    0:01:36   46475.7      0.91      31.4       7.1 execute/doBrF/state_reg/D
    0:01:36   46480.4      0.91      31.4       7.1 execute/doBrF/state_reg/D
    0:01:36   46475.2      0.91      31.4       7.1 execute/doBrF/state_reg/D
    0:01:36   46478.5      0.91      31.3       7.1 execute/doBrF/state_reg/D
    0:01:36   46478.5      0.90      31.3       7.1 execute/doBrF/state_reg/D
    0:01:36   46475.7      0.90      31.3       7.1 execute/doBrF/state_reg/D
    0:01:36   46473.8      0.90      31.3       7.1 execute/doBrF/state_reg/D
    0:01:36   46472.4      0.90      31.3       7.1 execute/doBrF/state_reg/D
    0:01:37   46469.6      0.90      31.2       7.1 execute/doBrF/state_reg/D
    0:01:37   46470.1      0.90      31.0       7.1 execute/doBrF/state_reg/D
    0:01:37   46477.6      0.90      30.9       7.1 execute/doBrF/state_reg/D
    0:01:37   46483.7      0.89      30.9       7.1 execute/doBrF/state_reg/D
    0:01:37   46481.8      0.89      30.8       7.1 execute/doBrF/state_reg/D
    0:01:37   46487.4      0.89      30.8       7.1 execute/doBrF/state_reg/D
    0:01:37   46486.0      0.89      30.7       7.1 execute/doBrF/state_reg/D
    0:01:37   46489.8      0.89      30.7       7.1 execute/doBrF/state_reg/D
    0:01:37   46489.8      0.89      30.6       7.1 execute/doBrF/state_reg/D
    0:01:37   46487.0      0.88      30.6       7.1 execute/doBrF/state_reg/D
    0:01:37   46482.8      0.88      30.5       7.1 execute/doBrF/state_reg/D
    0:01:37   46483.2      0.88      30.5       7.1 execute/doBrF/state_reg/D
    0:01:37   46481.8      0.88      30.5       7.1 execute/doBrF/state_reg/D
    0:01:37   46483.7      0.88      30.5       7.1 execute/doBrF/state_reg/D
    0:01:38   46486.5      0.88      30.5       7.1 execute/doBrF/state_reg/D
    0:01:38   46481.3      0.88      30.5       7.1 execute/doBrF/state_reg/D
    0:01:38   46482.8      0.88      30.5       7.1 execute/doBrF/state_reg/D
    0:01:38   46480.9      0.88      30.5       7.1 execute/doBrF/state_reg/D
    0:01:38   46487.4      0.88      30.4       7.1 execute/doBrF/state_reg/D
    0:01:38   46491.7      0.87      30.3       7.1 execute/doBrF/state_reg/D
    0:01:38   46489.8      0.87      30.3       7.1 execute/doBrF/state_reg/D
    0:01:38   46494.0      0.87      30.2       7.1 execute/doBrF/state_reg/D
    0:01:38   46496.4      0.87      30.2       7.1 execute/doBrF/state_reg/D
    0:01:38   46494.5      0.87      30.2       7.1 execute/doBrF/state_reg/D
    0:01:38   46495.0      0.87      30.2       7.1 execute/doBrF/state_reg/D
    0:01:38   46493.6      0.87      30.2       7.1 execute/doBrF/state_reg/D
    0:01:38   46493.6      0.87      30.2       7.1 execute/doBrF/state_reg/D
    0:01:38   46495.0      0.87      30.2       7.1 execute/doBrF/state_reg/D
    0:01:39   46487.0      0.87      30.1       7.1 execute/doBrF/state_reg/D
    0:01:39   46485.6      0.87      30.1       7.1 execute/doBrF/state_reg/D
    0:01:39   46487.9      0.87      30.2       7.1 execute/doBrF/state_reg/D
    0:01:39   46486.0      0.87      30.2       7.1 execute/doBrF/state_reg/D
    0:01:39   46489.8      0.86      30.2       7.1 execute/doBrF/state_reg/D
    0:01:39   46491.2      0.86      30.2       7.1 execute/doBrF/state_reg/D
    0:01:39   46500.6      0.86      30.2       7.1 execute/doBrF/state_reg/D
    0:01:39   46498.2      0.86      30.2       7.1 execute/doBrF/state_reg/D
    0:01:39   46495.4      0.86      30.2       7.1 execute/doBrF/state_reg/D
    0:01:39   46497.8      0.86      30.2       7.1 execute/doBrF/state_reg/D
    0:01:39   46499.2      0.86      30.0       7.1 execute/doBrF/state_reg/D
    0:01:40   46500.1      0.86      30.1       7.1 execute/doBrF/state_reg/D
    0:01:40   46501.5      0.86      30.1       7.1 execute/doBrF/state_reg/D
    0:01:40   46504.3      0.86      30.1       7.1 execute/doBrF/state_reg/D
    0:01:40   46508.6      0.86      30.0       7.1                          
    0:01:40   46509.5      0.86      30.0       7.0                          
    0:01:40   46511.9      0.86      29.9       7.0                          
    0:01:40   46509.0      0.86      29.9       7.0                          
    0:01:40   46513.3      0.86      29.8       7.0                          
    0:01:40   46513.3      0.86      29.8       7.0                          
    0:01:40   46510.4      0.86      29.6       7.0                          
    0:01:40   46504.8      0.86      29.5       7.0                          
    0:01:40   46501.1      0.86      29.5       7.0                          
    0:01:40   46499.7      0.86      29.3       7.0                          
    0:01:41   46503.4      0.86      29.3       7.0                          
    0:01:41   46505.8      0.86      29.3       7.0                          
    0:01:41   46502.9      0.86      29.3       7.0                          
    0:01:41   46501.1      0.86      29.3       7.0                          
    0:01:41   46495.9      0.86      29.2       7.0                          
    0:01:41   46491.7      0.86      29.2       7.0                          
    0:01:41   46488.9      0.86      29.2       7.0                          


  Beginning Area-Recovery Phase  (cleanup)
  -----------------------------

                                  TOTAL                                      
   ELAPSED            WORST NEG   SETUP    DESIGN                            
    TIME      AREA      SLACK     COST    RULE COST         ENDPOINT         
  --------- --------- --------- --------- --------- -------------------------
    0:01:41   46488.9      0.86      29.2       7.0                          
    0:01:41   46488.9      0.86      29.2       7.0                          
    0:01:42   43977.2      0.86      27.9       7.0                          
    0:01:42   43332.8      0.86      27.7       7.0                          
    0:01:43   43181.2      0.86      27.5       7.0                          
    0:01:43   43116.9      0.86      27.4       7.0                          
    0:01:43   43076.1      0.86      27.4       7.0                          
    0:01:43   43028.2      0.86      27.4       7.0                          
    0:01:43   43005.2      0.86      27.5       7.0                          
    0:01:43   42995.4      0.87      27.5       7.0                          
    0:01:43   42986.9      0.87      27.7       7.0                          
    0:01:43   42979.9      0.89      27.9       7.0                          
    0:01:43   42974.3      0.89      27.9       7.0                          
    0:01:43   42968.6      0.89      27.9       7.0                          
    0:01:43   42962.5      0.89      27.9       7.0                          
    0:01:43   42956.9      0.89      27.9       7.0                          
    0:01:43   42948.0      0.89      27.9       7.0                          
    0:01:43   42942.4      0.89      27.9       7.0                          
    0:01:43   42942.4      0.89      27.9       7.0                          
    0:01:44   42942.8      0.89      27.9       7.0 execute/doBrF/state_reg/D
    0:01:44   42939.5      0.88      27.9       7.0 execute/doBrF/state_reg/D
    0:01:44   42940.9      0.88      27.9       7.0 execute/doBrF/state_reg/D
    0:01:44   42940.5      0.88      28.1       7.0 execute/doBrF/state_reg/D
    0:01:44   42941.9      0.88      28.1       7.0 execute/doBrF/state_reg/D
    0:01:44   42941.9      0.88      28.1       7.0                          
    0:01:44   42814.2      0.89      28.1       7.0                          
    0:01:44   42808.1      0.89      28.1       7.0                          
    0:01:44   42808.1      0.89      28.1       7.0                          
    0:01:44   42808.1      0.89      28.1       7.0                          
    0:01:44   42808.1      0.89      28.1       7.0                          
    0:01:45   42808.1      0.89      28.1       7.0                          
    0:01:45   42808.1      0.89      28.1       7.0                          
    0:01:45   42809.5      0.88      28.1       7.0 execute/doBrF/state_reg/D
    0:01:45   42810.0      0.88      28.1       7.0 execute/doBrF/state_reg/D
    0:01:45   42807.2      0.88      28.1       7.0 execute/doBrF/state_reg/D
    0:01:45   42807.7      0.88      28.1       7.0 execute/doBrF/state_reg/D
    0:01:45   42809.1      0.88      28.1       7.0 execute/doBrF/state_reg/D
    0:01:45   42809.1      0.88      28.1       7.0 execute/doBrF/state_reg/D
    0:01:45   42809.1      0.88      28.1       7.0 execute/doBrF/state_reg/D
    0:01:45   42815.6      0.88      28.1       7.0 execute/doBrF/state_reg/D
    0:01:45   42815.6      0.88      28.1       7.0 execute/doBrF/state_reg/D
    0:01:45   42815.6      0.87      28.1       7.0 execute/doBrF/state_reg/D
    0:01:45   42815.6      0.87      28.1       7.0 execute/doBrF/state_reg/D
    0:01:45   42817.5      0.87      28.1       7.0 execute/doBrF/state_reg/D
    0:01:46   42815.2      0.87      28.0       7.0                          
    0:01:46   42790.3      0.87      27.9       7.0                          
    0:01:46   42768.7      0.87      27.9       7.0                          
    0:01:46   42742.9      0.87      27.8       7.0                          
    0:01:46   42724.1      0.87      27.8       7.0                          
    0:01:46   42698.3      0.87      27.8       7.0                          
    0:01:46   42683.8      0.87      27.8       7.0                          
    0:01:46   42656.1      0.87      27.8       7.0                          
    0:01:46   42645.8      0.87      27.8       7.0                          
    0:01:47   42636.4      0.87      27.8       7.0                          
    0:01:47   42593.2      0.87      27.8       7.0                          
    0:01:47   42592.7      0.87      27.8       7.0                          
    0:01:47   42595.5      0.87      27.8       7.0                          
    0:01:47   42595.5      0.87      27.7       7.0                          
    0:01:47   42599.8      0.87      27.6       7.0                          
    0:01:47   42600.2      0.87      27.5       7.0                          
    0:01:47   42612.0      0.87      27.4       7.0 execute/doBrF/state_reg/D
    0:01:47   42612.4      0.87      27.4       7.0 execute/doBrF/state_reg/D
    0:01:47   42609.2      0.87      27.4       7.0 execute/doBrF/state_reg/D
    0:01:47   42613.4      0.87      27.4       7.0 execute/doBrF/state_reg/D
    0:01:47   42619.0      0.87      27.4       7.0 execute/doBrF/state_reg/D
    0:01:48   42623.2      0.87      27.4       7.0                          
Loading db file '/u/k/a/karu/courses/cs552/cad/Synopsys_Libraries/libs/gscl45nm.db'


Note: Symbol # after min delay cost means estimated hold TNS across all active scenarios 


  Optimization Complete
  ---------------------
Warning: Design 'proc' contains 1 high-fanout nets. A fanout number of 1000 will be used for delay calculations involving these nets. (TIM-134)
     Net 'fetch/fPC[1]/clk': 1455 load(s), 1 driver(s)
1
check_design -summary
 
****************************************
check_design summary:
Version:     L-2016.03-SP4-1
Date:        Sat Apr  8 15:58:08 2017
****************************************

                   Name                                            Total
--------------------------------------------------------------------------------
Inputs/Outputs                                                     16
    Unconnected ports (LINT-28)                                    12
    Constant outputs (LINT-52)                                      4

Cells                                                              58
    Connected to power or ground (LINT-32)                         55
    Nets connected to multiple pins on same cell (LINT-33)          3

Nets                                                                1
    Unloaded nets (LINT-2)                                          1
--------------------------------------------------------------------------------

Information: Use the 'check_design' command for 
	 more information about warnings. (LINT-98)

1
set filename [format "%s%s"  $my_toplevel ".syn.v"]
proc.syn.v
write -hierarchy -f verilog $my_toplevel -output synth/$filename
Writing verilog file '/afs/cs.wisc.edu/u/k/e/keifer/private/552/cs552project/demo2/verilog/synth/proc.syn.v'.
Warning: Bus naming style currently specified as %s<%d>, verilog syntax requires bus naming style to be "[]".  (VO-13)
Warning: Verilog 'assign' or 'tran' statements are written out. (VO-4)
Warning: Verilog writer has added 11 nets to module cla16Bit_1 using SYNOPSYS_UNCONNECTED_ as prefix.  Please use the change_names command to make the correct changes before invoking the verilog writer.  (VO-11)
Warning: Verilog writer has added 1 nets to module decodeStage using SYNOPSYS_UNCONNECTED_ as prefix.  Please use the change_names command to make the correct changes before invoking the verilog writer.  (VO-11)
Warning: Verilog writer has added 11 nets to module cla16Bit_2 using SYNOPSYS_UNCONNECTED_ as prefix.  Please use the change_names command to make the correct changes before invoking the verilog writer.  (VO-11)
Warning: Verilog writer has added 11 nets to module cla16Bit_0 using SYNOPSYS_UNCONNECTED_ as prefix.  Please use the change_names command to make the correct changes before invoking the verilog writer.  (VO-11)
1
set filename [format "%s%s"  $my_toplevel ".ddc"]
proc.ddc
write -hierarchy -format ddc -output synth/$filename
Writing ddc file 'synth/proc.ddc'.
1
report_hierarchy > synth/hierarchy.txt
report_reference > synth/reference_report.txt
report_area > synth/area_report.txt
report_cell > synth/cell_report.txt
report_timing -max_paths 20 > synth/timing_report.txt
report_power > synth/power_report.txt
quit

Thank you...
